Determining if the pthread_create exist failed with the following output:
Change Dir: /home/ubuntu/lidar/bjm_lidar/ffph/build/CMakeFiles/CMakeTmp

Run Build Command:"/usr/bin/make" "cmTC_55d27/fast"
/usr/bin/make -f CMakeFiles/cmTC_55d27.dir/build.make CMakeFiles/cmTC_55d27.dir/build
make[1]: Entering directory '/home/ubuntu/lidar/bjm_lidar/ffph/build/CMakeFiles/CMakeTmp'
Building C object CMakeFiles/cmTC_55d27.dir/CheckSymbolExists.c.o
/usr/bin/cc    -o CMakeFiles/cmTC_55d27.dir/CheckSymbolExists.c.o   -c /home/ubuntu/lidar/bjm_lidar/ffph/build/CMakeFiles/CMakeTmp/CheckSymbolExists.c
Linking C executable cmTC_55d27
/home/ubuntu/software/cmake-3.9.1/bin/cmake -E cmake_link_script CMakeFiles/cmTC_55d27.dir/link.txt --verbose=1
/usr/bin/cc      -rdynamic CMakeFiles/cmTC_55d27.dir/CheckSymbolExists.c.o  -o cmTC_55d27 
CMakeFiles/cmTC_55d27.dir/CheckSymbolExists.c.o：在函数‘main’中：
CheckSymbolExists.c:(.text+0x16)：对‘pthread_create’未定义的引用
collect2: error: ld returned 1 exit status
CMakeFiles/cmTC_55d27.dir/build.make:97: recipe for target 'cmTC_55d27' failed
make[1]: *** [cmTC_55d27] Error 1
make[1]: Leaving directory '/home/ubuntu/lidar/bjm_lidar/ffph/build/CMakeFiles/CMakeTmp'
Makefile:126: recipe for target 'cmTC_55d27/fast' failed
make: *** [cmTC_55d27/fast] Error 2

File /home/ubuntu/lidar/bjm_lidar/ffph/build/CMakeFiles/CMakeTmp/CheckSymbolExists.c:
/* */
#include <pthread.h>

int main(int argc, char** argv)
{
  (void)argv;
#ifndef pthread_create
  return ((int*)(&pthread_create))[argc];
#else
  (void)argc;
  return 0;
#endif
}

Determining if the function pthread_create exists in the pthreads failed with the following output:
Change Dir: /home/ubuntu/lidar/bjm_lidar/ffph/build/CMakeFiles/CMakeTmp

Run Build Command:"/usr/bin/make" "cmTC_da0bd/fast"
/usr/bin/make -f CMakeFiles/cmTC_da0bd.dir/build.make CMakeFiles/cmTC_da0bd.dir/build
make[1]: Entering directory '/home/ubuntu/lidar/bjm_lidar/ffph/build/CMakeFiles/CMakeTmp'
Building C object CMakeFiles/cmTC_da0bd.dir/CheckFunctionExists.c.o
/usr/bin/cc   -DCHECK_FUNCTION_EXISTS=pthread_create   -o CMakeFiles/cmTC_da0bd.dir/CheckFunctionExists.c.o   -c /home/ubuntu/software/cmake-3.9.1/share/cmake-3.9/Modules/CheckFunctionExists.c
Linking C executable cmTC_da0bd
/home/ubuntu/software/cmake-3.9.1/bin/cmake -E cmake_link_script CMakeFiles/cmTC_da0bd.dir/link.txt --verbose=1
/usr/bin/cc  -DCHECK_FUNCTION_EXISTS=pthread_create    -rdynamic CMakeFiles/cmTC_da0bd.dir/CheckFunctionExists.c.o  -o cmTC_da0bd -lpthreads 
/usr/bin/ld: 找不到 -lpthreads
collect2: error: ld returned 1 exit status
CMakeFiles/cmTC_da0bd.dir/build.make:97: recipe for target 'cmTC_da0bd' failed
make[1]: *** [cmTC_da0bd] Error 1
make[1]: Leaving directory '/home/ubuntu/lidar/bjm_lidar/ffph/build/CMakeFiles/CMakeTmp'
Makefile:126: recipe for target 'cmTC_da0bd/fast' failed
make: *** [cmTC_da0bd/fast] Error 2


